C:\GitHub\VS2010-CPP\CNZH\CNZH\Debug\cl.command.1.tlog
C:\GitHub\VS2010-CPP\CNZH\CNZH\Debug\CL.read.1.tlog
C:\GitHub\VS2010-CPP\CNZH\CNZH\Debug\CL.write.1.tlog
C:\GITHUB\VS2010-CPP\CNZH\CNZH\DEBUG\CNZH.EXE.INTERMEDIATE.MANIFEST
C:\GITHUB\VS2010-CPP\CNZH\CNZH\DEBUG\CNZH.OBJ
C:\GitHub\VS2010-CPP\CNZH\CNZH\Debug\CNZH.write.1.tlog
C:\GitHub\VS2010-CPP\CNZH\CNZH\Debug\custombuild.command.1.tlog
C:\GitHub\VS2010-CPP\CNZH\CNZH\Debug\custombuild.read.1.tlog
C:\GitHub\VS2010-CPP\CNZH\CNZH\Debug\custombuild.write.1.tlog
C:\GitHub\VS2010-CPP\CNZH\CNZH\Debug\link.command.1.tlog
C:\GitHub\VS2010-CPP\CNZH\CNZH\Debug\link.read.1.tlog
C:\GitHub\VS2010-CPP\CNZH\CNZH\Debug\link.write.1.tlog
C:\GITHUB\VS2010-CPP\CNZH\CNZH\DEBUG\MAIN.OBJ
C:\GITHUB\VS2010-CPP\CNZH\CNZH\DEBUG\MOC_CNZH.OBJ
C:\GitHub\VS2010-CPP\CNZH\CNZH\Debug\mt.command.1.tlog
C:\GitHub\VS2010-CPP\CNZH\CNZH\Debug\mt.read.1.tlog
C:\GitHub\VS2010-CPP\CNZH\CNZH\Debug\mt.write.1.tlog
C:\GITHUB\VS2010-CPP\CNZH\CNZH\DEBUG\QRC_CNZH.OBJ
C:\GITHUB\VS2010-CPP\CNZH\CNZH\DEBUG\VC100.PDB
C:\GITHUB\VS2010-CPP\CNZH\CNZH\GENERATEDFILES\DEBUG\MOC_CNZH.CPP
C:\GITHUB\VS2010-CPP\CNZH\CNZH\GENERATEDFILES\QRC_CNZH.CPP
C:\GITHUB\VS2010-CPP\CNZH\CNZH\GENERATEDFILES\UI_CNZH.H
C:\GITHUB\VS2010-CPP\CNZH\WIN32\DEBUG\CNZH.EXE
C:\GITHUB\VS2010-CPP\CNZH\WIN32\DEBUG\CNZH.ILK
C:\GITHUB\VS2010-CPP\CNZH\WIN32\DEBUG\CNZH.PDB
